# run start 2026-05-22T06:40:12.327Z mode=DRY_RUN env=/Volumes/LOS ANGELES/Matteo/Dev Roba Mia/splitvote/.env.prod-recover kv_host=superb-sheepdog-80533.upstash.io supa_host=eaphpnaxonlbgiiehvhz.supabase.co
vote_daily_stats rows=203 dilemmas=134
dilemma_votes rows=148 dilemmas=115
union dilemma_ids=134
{"id":"ai-art-copyright","daily":{"a":0,"b":2},"dvotes":{"A":0,"B":1},"existing":{"a":0,"b":0},"target":{"a":0,"b":2},"delta":{"a":0,"b":2}}
# run start 2026-05-22T06:46:31.885Z mode=WRITE env=/Volumes/LOS ANGELES/Matteo/Dev Roba Mia/splitvote/.env.prod-recover kv_host=superb-sheepdog-80533.upstash.io supa_host=eaphpnaxonlbgiiehvhz.supabase.co
vote_daily_stats rows=203 dilemmas=134
dilemma_votes rows=148 dilemmas=115
union dilemma_ids=134
{"id":"ai-art-copyright","daily":{"a":0,"b":2},"dvotes":{"A":0,"B":1},"existing":{"a":0,"b":0},"target":{"a":0,"b":2},"delta":{"a":0,"b":2}}
{"id":"ai-en-a-platforms-algorithm-kkwn6","daily":{"a":1,"b":0},"dvotes":{"A":1,"B":0},"existing":{"a":0,"b":0},"target":{"a":1,"b":0},"delta":{"a":1,"b":0}}
{"id":"ai-en-scientists-confirm-you-h1pej","daily":{"a":0,"b":1},"dvotes":{"A":0,"B":1},"existing":{"a":0,"b":0},"target":{"a":0,"b":1},"delta":{"a":0,"b":1}}
{"id":"ai-en-you-can-edit-your-unbo-3y4xy","daily":{"a":2,"b":0},"dvotes":{"A":1,"B":0},"existing":{"a":1,"b":0},"target":{"a":2,"b":0},"delta":{"a":1,"b":0}}
{"id":"ai-en-your-parent-with-demen-3zgqi","daily":{"a":1,"b":0},"dvotes":{"A":1,"B":0},"existing":{"a":0,"b":0},"target":{"a":1,"b":0},"delta":{"a":1,"b":0}}
{"id":"ai-it-accetteresti-di-adotta-2z82q","daily":{"a":0,"b":2},"dvotes":{"A":0,"B":1},"existing":{"a":0,"b":0},"target":{"a":0,"b":2},"delta":{"a":0,"b":2}}
{"id":"ai-it-anni-fa-hai-commesso-u-f1egl","daily":{"a":0,"b":1},"dvotes":{"A":0,"B":1},"existing":{"a":0,"b":0},"target":{"a":0,"b":1},"delta":{"a":0,"b":1}}
{"id":"ai-it-casa-in-affitto-o-casa-8qzoe","daily":{"a":0,"b":1},"dvotes":{"A":0,"B":1},"existing":{"a":0,"b":1},"target":{"a":0,"b":1},"delta":{"a":0,"b":0}}
{"id":"ai-it-comandante-di-ununita-2e7p3","daily":{"a":1,"b":1},"dvotes":{"A":1,"B":0},"existing":{"a":0,"b":0},"target":{"a":1,"b":1},"delta":{"a":1,"b":1}}
{"id":"ai-it-compri-subito-e-paghi-8qpwr","daily":{"a":0,"b":1},"dvotes":{"A":0,"B":1},"existing":{"a":0,"b":1},"target":{"a":0,"b":1},"delta":{"a":0,"b":0}}
{"id":"ai-it-dovresti-rinunciare-al-74hc0","daily":{"a":1,"b":0},"dvotes":{"A":1,"B":0},"existing":{"a":0,"b":0},"target":{"a":1,"b":0},"delta":{"a":1,"b":0}}
{"id":"ai-it-dovresti-sostenere-la-2cs99","daily":{"a":0,"b":2},"dvotes":{"A":0,"B":0},"existing":{"a":0,"b":0},"target":{"a":0,"b":2},"delta":{"a":0,"b":2}}
{"id":"ai-it-durante-un-conflitto-i-eql2x","daily":{"a":0,"b":1},"dvotes":{"A":0,"B":1},"existing":{"a":0,"b":0},"target":{"a":0,"b":1},"delta":{"a":0,"b":1}}
{"id":"ai-it-e-giusto-nascondere-la-73c0f","daily":{"a":1,"b":0},"dvotes":{"A":0,"B":0},"existing":{"a":0,"b":0},"target":{"a":1,"b":0},"delta":{"a":1,"b":0}}
{"id":"ai-it-e-giusto-per-una-piatt-ey3m8","daily":{"a":0,"b":1},"dvotes":{"A":0,"B":1},"existing":{"a":0,"b":0},"target":{"a":0,"b":1},"delta":{"a":0,"b":1}}
{"id":"ai-it-e-giusto-utilizzare-al-ezcwq","daily":{"a":0,"b":2},"dvotes":{"A":0,"B":1},"existing":{"a":0,"b":0},"target":{"a":0,"b":2},"delta":{"a":0,"b":2}}
{"id":"ai-it-gestisci-una-comunita-8mh2n","daily":{"a":1,"b":0},"dvotes":{"A":1,"B":0},"existing":{"a":0,"b":0},"target":{"a":1,"b":0},"delta":{"a":1,"b":0}}
{"id":"ai-it-hai-accesso-a-document-l1jnu","daily":{"a":0,"b":2},"dvotes":{"A":0,"B":2},"existing":{"a":0,"b":1},"target":{"a":0,"b":2},"delta":{"a":0,"b":1}}
{"id":"ai-it-hai-commesso-un-reato-4417y","daily":{"a":0,"b":1},"dvotes":{"A":0,"B":1},"existing":{"a":0,"b":0},"target":{"a":0,"b":1},"delta":{"a":0,"b":1}}
{"id":"ai-it-hai-finalmente-ottenut-gtwg5","daily":{"a":1,"b":0},"dvotes":{"A":1,"B":0},"existing":{"a":0,"b":0},"target":{"a":1,"b":0},"delta":{"a":1,"b":0}}
{"id":"ai-it-hai-nascosto-ai-tuoi-g-jdfkz","daily":{"a":0,"b":1},"dvotes":{"A":0,"B":1},"existing":{"a":0,"b":1},"target":{"a":0,"b":1},"delta":{"a":0,"b":0}}
{"id":"ai-it-hai-una-malattia-rara-la0sw","daily":{"a":2,"b":0},"dvotes":{"A":2,"B":0},"existing":{"a":1,"b":0},"target":{"a":2,"b":0},"delta":{"a":1,"b":0}}
{"id":"ai-it-il-tuo-amico-piu-caro-9y53o","daily":{"a":1,"b":0},"dvotes":{"A":0,"B":0},"existing":{"a":0,"b":0},"target":{"a":1,"b":0},"delta":{"a":1,"b":0}}
{"id":"ai-it-il-tuo-amico-sta-ricos-kmtuw","daily":{"a":1,"b":0},"dvotes":{"A":1,"B":0},"existing":{"a":0,"b":0},"target":{"a":1,"b":0},"delta":{"a":1,"b":0}}
{"id":"ai-it-il-tuo-gruppo-sopravvi-klqbe","daily":{"a":1,"b":0},"dvotes":{"A":1,"B":0},"existing":{"a":0,"b":0},"target":{"a":1,"b":0},"delta":{"a":1,"b":0}}
{"id":"ai-it-il-tuo-partner-non-ti-l91zt","daily":{"a":1,"b":0},"dvotes":{"A":1,"B":0},"existing":{"a":1,"b":0},"target":{"a":1,"b":0},"delta":{"a":0,"b":0}}
{"id":"ai-it-la-tua-azienda-vuole-s-l1ttn","daily":{"a":1,"b":0},"dvotes":{"A":1,"B":0},"existing":{"a":0,"b":0},"target":{"a":1,"b":0},"delta":{"a":1,"b":0}}
{"id":"ai-it-la-tua-citta-propone-d-2dnmw","daily":{"a":0,"b":1},"dvotes":{"A":0,"B":1},"existing":{"a":0,"b":0},"target":{"a":0,"b":1},"delta":{"a":0,"b":1}}
{"id":"ai-it-le-autorita-cittadine-4bvnq","daily":{"a":0,"b":1},"dvotes":{"A":0,"B":1},"existing":{"a":0,"b":0},"target":{"a":0,"b":1},"delta":{"a":0,"b":1}}
{"id":"ai-it-per-accelerare-la-transi-erwcy","daily":{"a":0,"b":1},"dvotes":{"A":0,"B":1},"existing":{"a":0,"b":0},"target":{"a":0,"b":1},"delta":{"a":0,"b":1}}
{"id":"ai-it-preferiresti-vivere-60-2xrzm","daily":{"a":0,"b":1},"dvotes":{"A":0,"B":1},"existing":{"a":0,"b":0},"target":{"a":0,"b":1},"delta":{"a":0,"b":1}}
{"id":"ai-it-preferiresti-vivere-60-eypkj","daily":{"a":1,"b":2},"dvotes":{"A":1,"B":1},"existing":{"a":1,"b":0},"target":{"a":1,"b":2},"delta":{"a":0,"b":2}}
{"id":"ai-it-preferiresti-vivere-60-oeg3u","daily":{"a":0,"b":1},"dvotes":{"A":0,"B":1},"existing":{"a":0,"b":0},"target":{"a":0,"b":1},"delta":{"a":0,"b":1}}
{"id":"ai-it-puoi-ottenere-un-contr-kdpqj","daily":{"a":0,"b":1},"dvotes":{"A":0,"B":1},"existing":{"a":0,"b":1},"target":{"a":0,"b":1},"delta":{"a":0,"b":0}}
{"id":"ai-it-puoi-scegliere-vivere-7ka56","daily":{"a":0,"b":1},"dvotes":{"A":0,"B":1},"existing":{"a":0,"b":1},"target":{"a":0,"b":1},"delta":{"a":0,"b":0}}
{"id":"ai-it-scopri-che-i-tuoi-coll-lafry","daily":{"a":0,"b":1},"dvotes":{"A":0,"B":1},"existing":{"a":0,"b":1},"target":{"a":0,"b":1},"delta":{"a":0,"b":0}}
{"id":"ai-it-scopri-che-il-partner-2ce7o","daily":{"a":2,"b":1},"dvotes":{"A":1,"B":1},"existing":{"a":0,"b":0},"target":{"a":2,"b":1},"delta":{"a":2,"b":1}}
{"id":"ai-it-scopri-che-il-partner-exsdi","daily":{"a":0,"b":1},"dvotes":{"A":0,"B":1},"existing":{"a":0,"b":0},"target":{"a":0,"b":1},"delta":{"a":0,"b":1}}
{"id":"ai-it-se-abolissimo-il-carce-76629","daily":{"a":0,"b":3},"dvotes":{"A":0,"B":1},"existing":{"a":0,"b":1},"target":{"a":0,"b":3},"delta":{"a":0,"b":2}}
{"id":"ai-it-se-la-clonazione-umana-4dbh6","daily":{"a":0,"b":2},"dvotes":{"A":0,"B":2},"existing":{"a":0,"b":0},"target":{"a":0,"b":2},"delta":{"a":0,"b":2}}
{"id":"ai-it-sei-un-comandante-che-77ea0","daily":{"a":0,"b":1},"dvotes":{"A":0,"B":1},"existing":{"a":0,"b":0},"target":{"a":0,"b":1},"delta":{"a":0,"b":1}}
{"id":"ai-it-sei-un-comandante-mili-4cq9e","daily":{"a":0,"b":1},"dvotes":{"A":0,"B":1},"existing":{"a":0,"b":0},"target":{"a":0,"b":1},"delta":{"a":0,"b":1}}
{"id":"ai-it-sei-unartista-emergent-3y5bh","daily":{"a":1,"b":0},"dvotes":{"A":1,"B":0},"existing":{"a":0,"b":0},"target":{"a":1,"b":0},"delta":{"a":1,"b":0}}
{"id":"ai-it-ti-imbatti-in-unauto-con-6aeht","daily":{"a":0,"b":1},"dvotes":{"A":0,"B":1},"existing":{"a":0,"b":0},"target":{"a":0,"b":1},"delta":{"a":0,"b":1}}
{"id":"ai-it-ti-viene-offerta-una-s-7jiex","daily":{"a":1,"b":0},"dvotes":{"A":1,"B":0},"existing":{"a":1,"b":0},"target":{"a":1,"b":0},"delta":{"a":0,"b":0}}
{"id":"ai-it-tutto-in-un-unico-abbo-8r4fw","daily":{"a":0,"b":1},"dvotes":{"A":0,"B":1},"existing":{"a":0,"b":0},"target":{"a":0,"b":1},"delta":{"a":0,"b":1}}
{"id":"ai-it-un-algoritmo-ospedalie-knm9s","daily":{"a":0,"b":1},"dvotes":{"A":0,"B":1},"existing":{"a":0,"b":1},"target":{"a":0,"b":1},"delta":{"a":0,"b":0}}
{"id":"ai-it-un-alunno-ha-lavorato-jd435","daily":{"a":1,"b":0},"dvotes":{"A":1,"B":0},"existing":{"a":1,"b":0},"target":{"a":1,"b":0},"delta":{"a":0,"b":0}}
{"id":"ai-it-un-attivista-climatico-jo7dg","daily":{"a":1,"b":0},"dvotes":{"A":1,"B":0},"existing":{"a":1,"b":0},"target":{"a":1,"b":0},"delta":{"a":0,"b":0}}
{"id":"ai-it-un-comandante-generale-k3xyx","daily":{"a":1,"b":0},"dvotes":{"A":0,"B":0},"existing":{"a":0,"b":0},"target":{"a":1,"b":0},"delta":{"a":1,"b":0}}
{"id":"ai-it-un-editore-ti-offre-un-kets1","daily":{"a":0,"b":1},"dvotes":{"A":0,"B":1},"existing":{"a":0,"b":0},"target":{"a":0,"b":1},"delta":{"a":0,"b":1}}
{"id":"ai-it-un-farmaco-efficace-co-kdb80","daily":{"a":0,"b":1},"dvotes":{"A":0,"B":1},"existing":{"a":0,"b":0},"target":{"a":0,"b":1},"delta":{"a":0,"b":1}}
{"id":"ai-it-un-fondatore-tech-poss-kzpz5","daily":{"a":0,"b":1},"dvotes":{"A":0,"B":1},"existing":{"a":0,"b":1},"target":{"a":0,"b":1},"delta":{"a":0,"b":0}}
{"id":"ai-it-un-laboratorio-potrebb-f14dz","daily":{"a":0,"b":1},"dvotes":{"A":0,"B":1},"existing":{"a":0,"b":0},"target":{"a":0,"b":1},"delta":{"a":0,"b":1}}
{"id":"ai-it-un-video-virale-della-8kiqg","daily":{"a":0,"b":1},"dvotes":{"A":0,"B":1},"existing":{"a":0,"b":1},"target":{"a":0,"b":1},"delta":{"a":0,"b":0}}
{"id":"ai-it-una-citta-implementa-u-oexn8","daily":{"a":0,"b":1},"dvotes":{"A":0,"B":1},"existing":{"a":0,"b":0},"target":{"a":0,"b":1},"delta":{"a":0,"b":1}}
{"id":"ai-it-una-citta-propone-di-u-2ysrs","daily":{"a":1,"b":1},"dvotes":{"A":1,"B":1},"existing":{"a":0,"b":0},"target":{"a":1,"b":1},"delta":{"a":1,"b":1}}
{"id":"ai-it-una-persona-ha-ottenut-koe5h","daily":{"a":2,"b":0},"dvotes":{"A":1,"B":0},"existing":{"a":2,"b":0},"target":{"a":2,"b":0},"delta":{"a":0,"b":0}}
{"id":"ai-it-una-piattaforma-online-755kq","daily":{"a":1,"b":1},"dvotes":{"A":1,"B":1},"existing":{"a":1,"b":1},"target":{"a":1,"b":1},"delta":{"a":0,"b":0}}
{"id":"ai-it-unazienda-compra-credi-8dc69","daily":{"a":0,"b":1},"dvotes":{"A":0,"B":1},"existing":{"a":0,"b":1},"target":{"a":0,"b":1},"delta":{"a":0,"b":0}}
{"id":"ai-it-unazienda-deve-licenzi-f0t7d","daily":{"a":1,"b":0},"dvotes":{"A":1,"B":0},"existing":{"a":0,"b":0},"target":{"a":1,"b":0},"delta":{"a":1,"b":0}}
{"id":"ai-it-unazienda-farmaceutica-guix3","daily":{"a":0,"b":1},"dvotes":{"A":0,"B":0},"existing":{"a":0,"b":0},"target":{"a":0,"b":1},"delta":{"a":0,"b":1}}
{"id":"ai-it-unazienda-ha-scoperto-4cvfj","daily":{"a":0,"b":1},"dvotes":{"A":0,"B":1},"existing":{"a":0,"b":0},"target":{"a":0,"b":1},"delta":{"a":0,"b":1}}
{"id":"ai-it-vedi-il-figlio-del-tuo-l7aj6","daily":{"a":1,"b":0},"dvotes":{"A":1,"B":0},"existing":{"a":1,"b":0},"target":{"a":1,"b":0},"delta":{"a":0,"b":0}}
{"id":"ai-it-vedi-una-persona-anzia-kfvga","daily":{"a":1,"b":0},"dvotes":{"A":1,"B":0},"existing":{"a":1,"b":0},"target":{"a":1,"b":0},"delta":{"a":0,"b":0}}
{"id":"ai-it-vietare-la-fast-fashio-jp9je","daily":{"a":1,"b":0},"dvotes":{"A":1,"B":0},"existing":{"a":1,"b":0},"target":{"a":1,"b":0},"delta":{"a":0,"b":0}}
{"id":"ai-replaces-jobs","daily":{"a":1,"b":2},"dvotes":{"A":1,"B":1},"existing":{"a":0,"b":0},"target":{"a":1,"b":2},"delta":{"a":1,"b":2}}
{"id":"brain-upload","daily":{"a":1,"b":0},"dvotes":{"A":2,"B":1},"existing":{"a":0,"b":0},"target":{"a":2,"b":1},"delta":{"a":2,"b":1}}
{"id":"censor-speech","daily":{"a":1,"b":0},"dvotes":{"A":0,"B":2},"existing":{"a":0,"b":0},"target":{"a":1,"b":2},"delta":{"a":1,"b":2}}
{"id":"confess-crime","daily":{"a":0,"b":2},"dvotes":{"A":0,"B":2},"existing":{"a":0,"b":1},"target":{"a":0,"b":2},"delta":{"a":0,"b":1}}
{"id":"cover-accident","daily":{"a":1,"b":1},"dvotes":{"A":0,"B":1},"existing":{"a":0,"b":0},"target":{"a":1,"b":1},"delta":{"a":1,"b":1}}
{"id":"culture-20260515-aliens-uap-disclosure-1-it","daily":{"a":0,"b":1},"dvotes":{"A":0,"B":1},"existing":{"a":0,"b":1},"target":{"a":0,"b":1},"delta":{"a":0,"b":0}}
{"id":"culture-20260515-space-moon-settlement-3-it","daily":{"a":0,"b":1},"dvotes":{"A":0,"B":1},"existing":{"a":0,"b":1},"target":{"a":0,"b":1},"delta":{"a":0,"b":0}}
{"id":"cure-secret","daily":{"a":2,"b":0},"dvotes":{"A":2,"B":1},"existing":{"a":1,"b":0},"target":{"a":2,"b":1},"delta":{"a":1,"b":1}}
{"id":"death-row-exonerated","daily":{"a":1,"b":0},"dvotes":{"A":0,"B":0},"existing":{"a":0,"b":0},"target":{"a":1,"b":0},"delta":{"a":1,"b":0}}
{"id":"deepfake-expose","daily":{"a":1,"b":1},"dvotes":{"A":0,"B":1},"existing":{"a":0,"b":0},"target":{"a":1,"b":1},"delta":{"a":1,"b":1}}
{"id":"delete-social-media","daily":{"a":3,"b":2},"dvotes":{"A":3,"B":0},"existing":{"a":0,"b":0},"target":{"a":3,"b":2},"delta":{"a":3,"b":2}}
{"id":"drug-legalization","daily":{"a":1,"b":0},"dvotes":{"A":0,"B":0},"existing":{"a":0,"b":0},"target":{"a":1,"b":0},"delta":{"a":1,"b":0}}
{"id":"evergreen-20260515-animals-welfare-3-it","daily":{"a":1,"b":0},"dvotes":{"A":1,"B":0},"existing":{"a":1,"b":0},"target":{"a":1,"b":0},"delta":{"a":0,"b":0}}
{"id":"evergreen-20260515-animals-welfare-6-it","daily":{"a":0,"b":1},"dvotes":{"A":0,"B":1},"existing":{"a":0,"b":1},"target":{"a":0,"b":1},"delta":{"a":0,"b":0}}
{"id":"evergreen-20260515-fantasy-1-en","daily":{"a":1,"b":0},"dvotes":{"A":0,"B":0},"existing":{"a":1,"b":0},"target":{"a":1,"b":0},"delta":{"a":0,"b":0}}
{"id":"evergreen-20260515-fantasy-2-it","daily":{"a":0,"b":1},"dvotes":{"A":0,"B":1},"existing":{"a":0,"b":1},"target":{"a":0,"b":1},"delta":{"a":0,"b":0}}
{"id":"evergreen-20260515-fantasy-5-it","daily":{"a":1,"b":0},"dvotes":{"A":1,"B":0},"existing":{"a":1,"b":0},"target":{"a":1,"b":0},"delta":{"a":0,"b":0}}
{"id":"evergreen-20260515-gdr-rpg-3-it","daily":{"a":0,"b":1},"dvotes":{"A":0,"B":1},"existing":{"a":0,"b":1},"target":{"a":0,"b":1},"delta":{"a":0,"b":0}}
{"id":"evergreen-20260515-gdr-rpg-5-it","daily":{"a":1,"b":0},"dvotes":{"A":1,"B":0},"existing":{"a":1,"b":0},"target":{"a":1,"b":0},"delta":{"a":0,"b":0}}
{"id":"forgive-cheater","daily":{"a":3,"b":1},"dvotes":{"A":2,"B":0},"existing":{"a":0,"b":0},"target":{"a":3,"b":1},"delta":{"a":3,"b":1}}
{"id":"gap-20260518-ai-homework-zero-it","daily":{"a":0,"b":1},"dvotes":{"A":0,"B":0},"existing":{"a":0,"b":1},"target":{"a":0,"b":1},"delta":{"a":0,"b":0}}
{"id":"innocent-juror","daily":{"a":1,"b":1},"dvotes":{"A":0,"B":1},"existing":{"a":0,"b":0},"target":{"a":1,"b":1},"delta":{"a":1,"b":1}}
{"id":"lifeboat","daily":{"a":2,"b":2},"dvotes":{"A":2,"B":1},"existing":{"a":1,"b":0},"target":{"a":2,"b":2},"delta":{"a":1,"b":2}}
{"id":"love-or-career","daily":{"a":2,"b":1},"dvotes":{"A":1,"B":1},"existing":{"a":0,"b":0},"target":{"a":2,"b":1},"delta":{"a":2,"b":1}}
{"id":"mandatory-vaccine","daily":{"a":1,"b":0},"dvotes":{"A":0,"B":0},"existing":{"a":0,"b":0},"target":{"a":1,"b":0},"delta":{"a":1,"b":0}}
{"id":"memory-erase","daily":{"a":0,"b":4},"dvotes":{"A":0,"B":3},"existing":{"a":0,"b":1},"target":{"a":0,"b":4},"delta":{"a":0,"b":3}}
{"id":"mercy-kill","daily":{"a":1,"b":0},"dvotes":{"A":1,"B":0},"existing":{"a":0,"b":0},"target":{"a":1,"b":0},"delta":{"a":1,"b":0}}
{"id":"news-20260515-ai-energy-demand-1-it","daily":{"a":1,"b":0},"dvotes":{"A":0,"B":0},"existing":{"a":1,"b":0},"target":{"a":1,"b":0},"delta":{"a":0,"b":0}}
{"id":"news-20260515-ai-energy-demand-2-it","daily":{"a":2,"b":0},"dvotes":{"A":1,"B":0},"existing":{"a":2,"b":0},"target":{"a":2,"b":0},"delta":{"a":0,"b":0}}
{"id":"news-20260515-ai-energy-demand-3-it","daily":{"a":1,"b":0},"dvotes":{"A":1,"B":0},"existing":{"a":1,"b":0},"target":{"a":1,"b":0},"delta":{"a":0,"b":0}}
{"id":"news-20260515-ai-gov-testing-1-it","daily":{"a":0,"b":1},"dvotes":{"A":0,"B":1},"existing":{"a":0,"b":1},"target":{"a":0,"b":1},"delta":{"a":0,"b":0}}
{"id":"news-20260515-ai-superpower-guardrails-1-it","daily":{"a":1,"b":0},"dvotes":{"A":1,"B":0},"existing":{"a":1,"b":0},"target":{"a":1,"b":0},"delta":{"a":0,"b":0}}
{"id":"news-20260515-ai-superpower-guardrails-4-it","daily":{"a":1,"b":0},"dvotes":{"A":1,"B":0},"existing":{"a":1,"b":0},"target":{"a":1,"b":0},"delta":{"a":0,"b":0}}
{"id":"news-20260515-article-ai-guardrails-1-it","daily":{"a":0,"b":1},"dvotes":{"A":0,"B":1},"existing":{"a":0,"b":1},"target":{"a":0,"b":1},"delta":{"a":0,"b":0}}
{"id":"news-20260515-article-bodyoids-3-it","daily":{"a":1,"b":0},"dvotes":{"A":0,"B":0},"existing":{"a":1,"b":0},"target":{"a":1,"b":0},"delta":{"a":0,"b":0}}
{"id":"news-20260515-article-bodyoids-4-it","daily":{"a":1,"b":0},"dvotes":{"A":1,"B":0},"existing":{"a":1,"b":0},"target":{"a":1,"b":0},"delta":{"a":0,"b":0}}
{"id":"news-20260515-article-bodyoids-6-it","daily":{"a":1,"b":0},"dvotes":{"A":0,"B":0},"existing":{"a":1,"b":0},"target":{"a":1,"b":0},"delta":{"a":0,"b":0}}
{"id":"news-20260515-world-cup-heat-4-it","daily":{"a":1,"b":1},"dvotes":{"A":0,"B":1},"existing":{"a":2,"b":1},"target":{"a":2,"b":1},"delta":{"a":0,"b":0}}
{"id":"news-20260517-faith-impure-peace-en","daily":{"a":1,"b":0},"dvotes":{"A":1,"B":0},"existing":{"a":1,"b":0},"target":{"a":1,"b":0},"delta":{"a":0,"b":0}}
{"id":"old-secret-affair","daily":{"a":1,"b":1},"dvotes":{"A":1,"B":0},"existing":{"a":0,"b":0},"target":{"a":1,"b":1},"delta":{"a":1,"b":1}}
{"id":"open-borders","daily":{"a":2,"b":1},"dvotes":{"A":2,"B":0},"existing":{"a":0,"b":0},"target":{"a":2,"b":1},"delta":{"a":2,"b":1}}
{"id":"organ-harvest","daily":{"a":2,"b":4},"dvotes":{"A":0,"B":2},"existing":{"a":1,"b":2},"target":{"a":2,"b":4},"delta":{"a":1,"b":2}}
{"id":"pandemic-dose","daily":{"a":1,"b":1},"dvotes":{"A":0,"B":1},"existing":{"a":0,"b":0},"target":{"a":1,"b":1},"delta":{"a":1,"b":1}}
{"id":"plane-parachute","daily":{"a":3,"b":0},"dvotes":{"A":2,"B":0},"existing":{"a":0,"b":0},"target":{"a":3,"b":0},"delta":{"a":3,"b":0}}
{"id":"prison-abolition","daily":{"a":2,"b":0},"dvotes":{"A":2,"B":0},"existing":{"a":0,"b":0},"target":{"a":2,"b":0},"delta":{"a":2,"b":0}}
{"id":"privacy-terror","daily":{"a":0,"b":3},"dvotes":{"A":0,"B":1},"existing":{"a":0,"b":0},"target":{"a":0,"b":3},"delta":{"a":0,"b":3}}
{"id":"psych-20260515-ambiguous-loss-1-it","daily":{"a":0,"b":1},"dvotes":{"A":0,"B":1},"existing":{"a":0,"b":1},"target":{"a":0,"b":1},"delta":{"a":0,"b":0}}
{"id":"psych-20260515-ambiguous-loss-2-it","daily":{"a":1,"b":0},"dvotes":{"A":1,"B":0},"existing":{"a":1,"b":0},"target":{"a":1,"b":0},"delta":{"a":0,"b":0}}
{"id":"psych-20260515-limerence-3-it","daily":{"a":1,"b":0},"dvotes":{"A":1,"B":0},"existing":{"a":1,"b":0},"target":{"a":1,"b":0},"delta":{"a":0,"b":0}}
{"id":"psych-20260515-limerence-5-en","daily":{"a":1,"b":0},"dvotes":{"A":0,"B":0},"existing":{"a":1,"b":0},"target":{"a":1,"b":0},"delta":{"a":0,"b":0}}
{"id":"psych-20260515-moral-injury-1-it","daily":{"a":0,"b":1},"dvotes":{"A":0,"B":1},"existing":{"a":0,"b":1},"target":{"a":0,"b":1},"delta":{"a":0,"b":0}}
{"id":"psych-20260515-moral-injury-2-it","daily":{"a":1,"b":0},"dvotes":{"A":1,"B":0},"existing":{"a":1,"b":0},"target":{"a":1,"b":0},"delta":{"a":0,"b":0}}
{"id":"report-friend","daily":{"a":0,"b":2},"dvotes":{"A":0,"B":2},"existing":{"a":0,"b":0},"target":{"a":0,"b":2},"delta":{"a":0,"b":2}}
{"id":"revenge-vs-forgiveness","daily":{"a":1,"b":0},"dvotes":{"A":0,"B":0},"existing":{"a":0,"b":0},"target":{"a":1,"b":0},"delta":{"a":1,"b":0}}
{"id":"rich-or-fair","daily":{"a":0,"b":1},"dvotes":{"A":0,"B":0},"existing":{"a":0,"b":0},"target":{"a":0,"b":1},"delta":{"a":0,"b":1}}
{"id":"robot-judge","daily":{"a":0,"b":1},"dvotes":{"A":0,"B":0},"existing":{"a":0,"b":0},"target":{"a":0,"b":1},"delta":{"a":0,"b":1}}
{"id":"save-partner-vs-stranger","daily":{"a":1,"b":0},"dvotes":{"A":0,"B":0},"existing":{"a":0,"b":0},"target":{"a":1,"b":0},"delta":{"a":1,"b":0}}
{"id":"self-driving-crash","daily":{"a":1,"b":3},"dvotes":{"A":1,"B":1},"existing":{"a":1,"b":0},"target":{"a":1,"b":3},"delta":{"a":0,"b":3}}
{"id":"sibling-secret","daily":{"a":1,"b":1},"dvotes":{"A":0,"B":1},"existing":{"a":0,"b":0},"target":{"a":1,"b":1},"delta":{"a":1,"b":1}}
{"id":"steal-medicine","daily":{"a":0,"b":1},"dvotes":{"A":0,"B":0},"existing":{"a":0,"b":0},"target":{"a":0,"b":1},"delta":{"a":0,"b":1}}
{"id":"surveillance-city","daily":{"a":1,"b":2},"dvotes":{"A":1,"B":1},"existing":{"a":0,"b":0},"target":{"a":1,"b":2},"delta":{"a":1,"b":2}}
{"id":"tax-billionaires","daily":{"a":3,"b":0},"dvotes":{"A":2,"B":0},"existing":{"a":0,"b":0},"target":{"a":3,"b":0},"delta":{"a":3,"b":0}}
{"id":"time-machine","daily":{"a":1,"b":1},"dvotes":{"A":0,"B":1},"existing":{"a":0,"b":0},"target":{"a":1,"b":1},"delta":{"a":1,"b":1}}
{"id":"trolley","daily":{"a":4,"b":2},"dvotes":{"A":2,"B":0},"existing":{"a":1,"b":0},"target":{"a":4,"b":2},"delta":{"a":3,"b":2}}
{"id":"truth-friend","daily":{"a":2,"b":1},"dvotes":{"A":2,"B":0},"existing":{"a":1,"b":0},"target":{"a":2,"b":1},"delta":{"a":1,"b":1}}
{"id":"universal-basic-income","daily":{"a":1,"b":2},"dvotes":{"A":1,"B":1},"existing":{"a":0,"b":0},"target":{"a":1,"b":2},"delta":{"a":1,"b":2}}
{"id":"whistleblower","daily":{"a":0,"b":1},"dvotes":{"A":1,"B":0},"existing":{"a":0,"b":0},"target":{"a":1,"b":1},"delta":{"a":1,"b":1}}
{"id":"zombie-apocalypse","daily":{"a":2,"b":0},"dvotes":{"A":1,"B":0},"existing":{"a":0,"b":0},"target":{"a":2,"b":0},"delta":{"a":2,"b":0}}
# WRITE applied=21 hashes=20 capped=67
# run end 2026-05-22T06:46:32.989Z
# run start 2026-05-22T06:46:37.675Z mode=DRY_RUN env=/Volumes/LOS ANGELES/Matteo/Dev Roba Mia/splitvote/.env.prod-recover kv_host=superb-sheepdog-80533.upstash.io supa_host=eaphpnaxonlbgiiehvhz.supabase.co
vote_daily_stats rows=203 dilemmas=134
dilemma_votes rows=148 dilemmas=115
union dilemma_ids=134
{"id":"ai-art-copyright","daily":{"a":0,"b":2},"dvotes":{"A":0,"B":1},"existing":{"a":0,"b":2},"target":{"a":0,"b":2},"delta":{"a":0,"b":0}}
# run start 2026-05-22T06:46:38.085Z mode=WRITE env=/Volumes/LOS ANGELES/Matteo/Dev Roba Mia/splitvote/.env.prod-recover kv_host=superb-sheepdog-80533.upstash.io supa_host=eaphpnaxonlbgiiehvhz.supabase.co
vote_daily_stats rows=203 dilemmas=134
dilemma_votes rows=148 dilemmas=115
union dilemma_ids=134
{"id":"ai-art-copyright","daily":{"a":0,"b":2},"dvotes":{"A":0,"B":1},"existing":{"a":0,"b":2},"target":{"a":0,"b":2},"delta":{"a":0,"b":0}}
{"id":"ai-en-a-platforms-algorithm-kkwn6","daily":{"a":1,"b":0},"dvotes":{"A":1,"B":0},"existing":{"a":1,"b":0},"target":{"a":1,"b":0},"delta":{"a":0,"b":0}}
{"id":"ai-en-scientists-confirm-you-h1pej","daily":{"a":0,"b":1},"dvotes":{"A":0,"B":1},"existing":{"a":0,"b":1},"target":{"a":0,"b":1},"delta":{"a":0,"b":0}}
{"id":"ai-en-you-can-edit-your-unbo-3y4xy","daily":{"a":2,"b":0},"dvotes":{"A":1,"B":0},"existing":{"a":2,"b":0},"target":{"a":2,"b":0},"delta":{"a":0,"b":0}}
{"id":"ai-en-your-parent-with-demen-3zgqi","daily":{"a":1,"b":0},"dvotes":{"A":1,"B":0},"existing":{"a":1,"b":0},"target":{"a":1,"b":0},"delta":{"a":0,"b":0}}
{"id":"ai-it-accetteresti-di-adotta-2z82q","daily":{"a":0,"b":2},"dvotes":{"A":0,"B":1},"existing":{"a":0,"b":2},"target":{"a":0,"b":2},"delta":{"a":0,"b":0}}
{"id":"ai-it-anni-fa-hai-commesso-u-f1egl","daily":{"a":0,"b":1},"dvotes":{"A":0,"B":1},"existing":{"a":0,"b":1},"target":{"a":0,"b":1},"delta":{"a":0,"b":0}}
{"id":"ai-it-casa-in-affitto-o-casa-8qzoe","daily":{"a":0,"b":1},"dvotes":{"A":0,"B":1},"existing":{"a":0,"b":1},"target":{"a":0,"b":1},"delta":{"a":0,"b":0}}
{"id":"ai-it-comandante-di-ununita-2e7p3","daily":{"a":1,"b":1},"dvotes":{"A":1,"B":0},"existing":{"a":1,"b":1},"target":{"a":1,"b":1},"delta":{"a":0,"b":0}}
{"id":"ai-it-compri-subito-e-paghi-8qpwr","daily":{"a":0,"b":1},"dvotes":{"A":0,"B":1},"existing":{"a":0,"b":1},"target":{"a":0,"b":1},"delta":{"a":0,"b":0}}
{"id":"ai-it-dovresti-rinunciare-al-74hc0","daily":{"a":1,"b":0},"dvotes":{"A":1,"B":0},"existing":{"a":1,"b":0},"target":{"a":1,"b":0},"delta":{"a":0,"b":0}}
{"id":"ai-it-dovresti-sostenere-la-2cs99","daily":{"a":0,"b":2},"dvotes":{"A":0,"B":0},"existing":{"a":0,"b":2},"target":{"a":0,"b":2},"delta":{"a":0,"b":0}}
{"id":"ai-it-durante-un-conflitto-i-eql2x","daily":{"a":0,"b":1},"dvotes":{"A":0,"B":1},"existing":{"a":0,"b":1},"target":{"a":0,"b":1},"delta":{"a":0,"b":0}}
{"id":"ai-it-e-giusto-nascondere-la-73c0f","daily":{"a":1,"b":0},"dvotes":{"A":0,"B":0},"existing":{"a":1,"b":0},"target":{"a":1,"b":0},"delta":{"a":0,"b":0}}
{"id":"ai-it-e-giusto-per-una-piatt-ey3m8","daily":{"a":0,"b":1},"dvotes":{"A":0,"B":1},"existing":{"a":0,"b":1},"target":{"a":0,"b":1},"delta":{"a":0,"b":0}}
{"id":"ai-it-e-giusto-utilizzare-al-ezcwq","daily":{"a":0,"b":2},"dvotes":{"A":0,"B":1},"existing":{"a":0,"b":2},"target":{"a":0,"b":2},"delta":{"a":0,"b":0}}
{"id":"ai-it-gestisci-una-comunita-8mh2n","daily":{"a":1,"b":0},"dvotes":{"A":1,"B":0},"existing":{"a":1,"b":0},"target":{"a":1,"b":0},"delta":{"a":0,"b":0}}
{"id":"ai-it-hai-accesso-a-document-l1jnu","daily":{"a":0,"b":2},"dvotes":{"A":0,"B":2},"existing":{"a":0,"b":2},"target":{"a":0,"b":2},"delta":{"a":0,"b":0}}
{"id":"ai-it-hai-commesso-un-reato-4417y","daily":{"a":0,"b":1},"dvotes":{"A":0,"B":1},"existing":{"a":0,"b":1},"target":{"a":0,"b":1},"delta":{"a":0,"b":0}}
{"id":"ai-it-hai-finalmente-ottenut-gtwg5","daily":{"a":1,"b":0},"dvotes":{"A":1,"B":0},"existing":{"a":1,"b":0},"target":{"a":1,"b":0},"delta":{"a":0,"b":0}}
{"id":"ai-it-hai-nascosto-ai-tuoi-g-jdfkz","daily":{"a":0,"b":1},"dvotes":{"A":0,"B":1},"existing":{"a":0,"b":1},"target":{"a":0,"b":1},"delta":{"a":0,"b":0}}
{"id":"ai-it-hai-una-malattia-rara-la0sw","daily":{"a":2,"b":0},"dvotes":{"A":2,"B":0},"existing":{"a":2,"b":0},"target":{"a":2,"b":0},"delta":{"a":0,"b":0}}
{"id":"ai-it-il-tuo-amico-piu-caro-9y53o","daily":{"a":1,"b":0},"dvotes":{"A":0,"B":0},"existing":{"a":1,"b":0},"target":{"a":1,"b":0},"delta":{"a":0,"b":0}}
{"id":"ai-it-il-tuo-amico-sta-ricos-kmtuw","daily":{"a":1,"b":0},"dvotes":{"A":1,"B":0},"existing":{"a":0,"b":0},"target":{"a":1,"b":0},"delta":{"a":1,"b":0}}
{"id":"ai-it-il-tuo-gruppo-sopravvi-klqbe","daily":{"a":1,"b":0},"dvotes":{"A":1,"B":0},"existing":{"a":0,"b":0},"target":{"a":1,"b":0},"delta":{"a":1,"b":0}}
{"id":"ai-it-il-tuo-partner-non-ti-l91zt","daily":{"a":1,"b":0},"dvotes":{"A":1,"B":0},"existing":{"a":1,"b":0},"target":{"a":1,"b":0},"delta":{"a":0,"b":0}}
{"id":"ai-it-la-tua-azienda-vuole-s-l1ttn","daily":{"a":1,"b":0},"dvotes":{"A":1,"B":0},"existing":{"a":0,"b":0},"target":{"a":1,"b":0},"delta":{"a":1,"b":0}}
{"id":"ai-it-la-tua-citta-propone-d-2dnmw","daily":{"a":0,"b":1},"dvotes":{"A":0,"B":1},"existing":{"a":0,"b":0},"target":{"a":0,"b":1},"delta":{"a":0,"b":1}}
{"id":"ai-it-le-autorita-cittadine-4bvnq","daily":{"a":0,"b":1},"dvotes":{"A":0,"B":1},"existing":{"a":0,"b":0},"target":{"a":0,"b":1},"delta":{"a":0,"b":1}}
{"id":"ai-it-per-accelerare-la-transi-erwcy","daily":{"a":0,"b":1},"dvotes":{"A":0,"B":1},"existing":{"a":0,"b":0},"target":{"a":0,"b":1},"delta":{"a":0,"b":1}}
{"id":"ai-it-preferiresti-vivere-60-2xrzm","daily":{"a":0,"b":1},"dvotes":{"A":0,"B":1},"existing":{"a":0,"b":0},"target":{"a":0,"b":1},"delta":{"a":0,"b":1}}
{"id":"ai-it-preferiresti-vivere-60-eypkj","daily":{"a":1,"b":2},"dvotes":{"A":1,"B":1},"existing":{"a":1,"b":0},"target":{"a":1,"b":2},"delta":{"a":0,"b":2}}
{"id":"ai-it-preferiresti-vivere-60-oeg3u","daily":{"a":0,"b":1},"dvotes":{"A":0,"B":1},"existing":{"a":0,"b":0},"target":{"a":0,"b":1},"delta":{"a":0,"b":1}}
{"id":"ai-it-puoi-ottenere-un-contr-kdpqj","daily":{"a":0,"b":1},"dvotes":{"A":0,"B":1},"existing":{"a":0,"b":1},"target":{"a":0,"b":1},"delta":{"a":0,"b":0}}
{"id":"ai-it-puoi-scegliere-vivere-7ka56","daily":{"a":0,"b":1},"dvotes":{"A":0,"B":1},"existing":{"a":0,"b":1},"target":{"a":0,"b":1},"delta":{"a":0,"b":0}}
{"id":"ai-it-scopri-che-i-tuoi-coll-lafry","daily":{"a":0,"b":1},"dvotes":{"A":0,"B":1},"existing":{"a":0,"b":1},"target":{"a":0,"b":1},"delta":{"a":0,"b":0}}
{"id":"ai-it-scopri-che-il-partner-2ce7o","daily":{"a":2,"b":1},"dvotes":{"A":1,"B":1},"existing":{"a":0,"b":0},"target":{"a":2,"b":1},"delta":{"a":2,"b":1}}
{"id":"ai-it-scopri-che-il-partner-exsdi","daily":{"a":0,"b":1},"dvotes":{"A":0,"B":1},"existing":{"a":0,"b":0},"target":{"a":0,"b":1},"delta":{"a":0,"b":1}}
{"id":"ai-it-se-abolissimo-il-carce-76629","daily":{"a":0,"b":3},"dvotes":{"A":0,"B":1},"existing":{"a":0,"b":1},"target":{"a":0,"b":3},"delta":{"a":0,"b":2}}
{"id":"ai-it-se-la-clonazione-umana-4dbh6","daily":{"a":0,"b":2},"dvotes":{"A":0,"B":2},"existing":{"a":0,"b":0},"target":{"a":0,"b":2},"delta":{"a":0,"b":2}}
{"id":"ai-it-sei-un-comandante-che-77ea0","daily":{"a":0,"b":1},"dvotes":{"A":0,"B":1},"existing":{"a":0,"b":0},"target":{"a":0,"b":1},"delta":{"a":0,"b":1}}
{"id":"ai-it-sei-un-comandante-mili-4cq9e","daily":{"a":0,"b":1},"dvotes":{"A":0,"B":1},"existing":{"a":0,"b":0},"target":{"a":0,"b":1},"delta":{"a":0,"b":1}}
{"id":"ai-it-sei-unartista-emergent-3y5bh","daily":{"a":1,"b":0},"dvotes":{"A":1,"B":0},"existing":{"a":0,"b":0},"target":{"a":1,"b":0},"delta":{"a":1,"b":0}}
{"id":"ai-it-ti-imbatti-in-unauto-con-6aeht","daily":{"a":0,"b":1},"dvotes":{"A":0,"B":1},"existing":{"a":0,"b":0},"target":{"a":0,"b":1},"delta":{"a":0,"b":1}}
{"id":"ai-it-ti-viene-offerta-una-s-7jiex","daily":{"a":1,"b":0},"dvotes":{"A":1,"B":0},"existing":{"a":1,"b":0},"target":{"a":1,"b":0},"delta":{"a":0,"b":0}}
{"id":"ai-it-tutto-in-un-unico-abbo-8r4fw","daily":{"a":0,"b":1},"dvotes":{"A":0,"B":1},"existing":{"a":0,"b":0},"target":{"a":0,"b":1},"delta":{"a":0,"b":1}}
{"id":"ai-it-un-algoritmo-ospedalie-knm9s","daily":{"a":0,"b":1},"dvotes":{"A":0,"B":1},"existing":{"a":0,"b":1},"target":{"a":0,"b":1},"delta":{"a":0,"b":0}}
{"id":"ai-it-un-alunno-ha-lavorato-jd435","daily":{"a":1,"b":0},"dvotes":{"A":1,"B":0},"existing":{"a":1,"b":0},"target":{"a":1,"b":0},"delta":{"a":0,"b":0}}
{"id":"ai-it-un-attivista-climatico-jo7dg","daily":{"a":1,"b":0},"dvotes":{"A":1,"B":0},"existing":{"a":1,"b":0},"target":{"a":1,"b":0},"delta":{"a":0,"b":0}}
{"id":"ai-it-un-comandante-generale-k3xyx","daily":{"a":1,"b":0},"dvotes":{"A":0,"B":0},"existing":{"a":0,"b":0},"target":{"a":1,"b":0},"delta":{"a":1,"b":0}}
{"id":"ai-it-un-editore-ti-offre-un-kets1","daily":{"a":0,"b":1},"dvotes":{"A":0,"B":1},"existing":{"a":0,"b":0},"target":{"a":0,"b":1},"delta":{"a":0,"b":1}}
{"id":"ai-it-un-farmaco-efficace-co-kdb80","daily":{"a":0,"b":1},"dvotes":{"A":0,"B":1},"existing":{"a":0,"b":0},"target":{"a":0,"b":1},"delta":{"a":0,"b":1}}
{"id":"ai-it-un-fondatore-tech-poss-kzpz5","daily":{"a":0,"b":1},"dvotes":{"A":0,"B":1},"existing":{"a":0,"b":1},"target":{"a":0,"b":1},"delta":{"a":0,"b":0}}
{"id":"ai-it-un-laboratorio-potrebb-f14dz","daily":{"a":0,"b":1},"dvotes":{"A":0,"B":1},"existing":{"a":0,"b":0},"target":{"a":0,"b":1},"delta":{"a":0,"b":1}}
{"id":"ai-it-un-video-virale-della-8kiqg","daily":{"a":0,"b":1},"dvotes":{"A":0,"B":1},"existing":{"a":0,"b":1},"target":{"a":0,"b":1},"delta":{"a":0,"b":0}}
{"id":"ai-it-una-citta-implementa-u-oexn8","daily":{"a":0,"b":1},"dvotes":{"A":0,"B":1},"existing":{"a":0,"b":0},"target":{"a":0,"b":1},"delta":{"a":0,"b":1}}
{"id":"ai-it-una-citta-propone-di-u-2ysrs","daily":{"a":1,"b":1},"dvotes":{"A":1,"B":1},"existing":{"a":0,"b":0},"target":{"a":1,"b":1},"delta":{"a":1,"b":1}}
{"id":"ai-it-una-persona-ha-ottenut-koe5h","daily":{"a":2,"b":0},"dvotes":{"A":1,"B":0},"existing":{"a":2,"b":0},"target":{"a":2,"b":0},"delta":{"a":0,"b":0}}
{"id":"ai-it-una-piattaforma-online-755kq","daily":{"a":1,"b":1},"dvotes":{"A":1,"B":1},"existing":{"a":1,"b":1},"target":{"a":1,"b":1},"delta":{"a":0,"b":0}}
{"id":"ai-it-unazienda-compra-credi-8dc69","daily":{"a":0,"b":1},"dvotes":{"A":0,"B":1},"existing":{"a":0,"b":1},"target":{"a":0,"b":1},"delta":{"a":0,"b":0}}
{"id":"ai-it-unazienda-deve-licenzi-f0t7d","daily":{"a":1,"b":0},"dvotes":{"A":1,"B":0},"existing":{"a":0,"b":0},"target":{"a":1,"b":0},"delta":{"a":1,"b":0}}
{"id":"ai-it-unazienda-farmaceutica-guix3","daily":{"a":0,"b":1},"dvotes":{"A":0,"B":0},"existing":{"a":0,"b":0},"target":{"a":0,"b":1},"delta":{"a":0,"b":1}}
{"id":"ai-it-unazienda-ha-scoperto-4cvfj","daily":{"a":0,"b":1},"dvotes":{"A":0,"B":1},"existing":{"a":0,"b":0},"target":{"a":0,"b":1},"delta":{"a":0,"b":1}}
{"id":"ai-it-vedi-il-figlio-del-tuo-l7aj6","daily":{"a":1,"b":0},"dvotes":{"A":1,"B":0},"existing":{"a":1,"b":0},"target":{"a":1,"b":0},"delta":{"a":0,"b":0}}
{"id":"ai-it-vedi-una-persona-anzia-kfvga","daily":{"a":1,"b":0},"dvotes":{"A":1,"B":0},"existing":{"a":1,"b":0},"target":{"a":1,"b":0},"delta":{"a":0,"b":0}}
{"id":"ai-it-vietare-la-fast-fashio-jp9je","daily":{"a":1,"b":0},"dvotes":{"A":1,"B":0},"existing":{"a":1,"b":0},"target":{"a":1,"b":0},"delta":{"a":0,"b":0}}
{"id":"ai-replaces-jobs","daily":{"a":1,"b":2},"dvotes":{"A":1,"B":1},"existing":{"a":0,"b":0},"target":{"a":1,"b":2},"delta":{"a":1,"b":2}}
{"id":"brain-upload","daily":{"a":1,"b":0},"dvotes":{"A":2,"B":1},"existing":{"a":0,"b":0},"target":{"a":2,"b":1},"delta":{"a":2,"b":1}}
{"id":"censor-speech","daily":{"a":1,"b":0},"dvotes":{"A":0,"B":2},"existing":{"a":0,"b":0},"target":{"a":1,"b":2},"delta":{"a":1,"b":2}}
{"id":"confess-crime","daily":{"a":0,"b":2},"dvotes":{"A":0,"B":2},"existing":{"a":0,"b":1},"target":{"a":0,"b":2},"delta":{"a":0,"b":1}}
{"id":"cover-accident","daily":{"a":1,"b":1},"dvotes":{"A":0,"B":1},"existing":{"a":0,"b":0},"target":{"a":1,"b":1},"delta":{"a":1,"b":1}}
{"id":"culture-20260515-aliens-uap-disclosure-1-it","daily":{"a":0,"b":1},"dvotes":{"A":0,"B":1},"existing":{"a":0,"b":1},"target":{"a":0,"b":1},"delta":{"a":0,"b":0}}
{"id":"culture-20260515-space-moon-settlement-3-it","daily":{"a":0,"b":1},"dvotes":{"A":0,"B":1},"existing":{"a":0,"b":1},"target":{"a":0,"b":1},"delta":{"a":0,"b":0}}
{"id":"cure-secret","daily":{"a":2,"b":0},"dvotes":{"A":2,"B":1},"existing":{"a":1,"b":0},"target":{"a":2,"b":1},"delta":{"a":1,"b":1}}
{"id":"death-row-exonerated","daily":{"a":1,"b":0},"dvotes":{"A":0,"B":0},"existing":{"a":0,"b":0},"target":{"a":1,"b":0},"delta":{"a":1,"b":0}}
{"id":"deepfake-expose","daily":{"a":1,"b":1},"dvotes":{"A":0,"B":1},"existing":{"a":0,"b":0},"target":{"a":1,"b":1},"delta":{"a":1,"b":1}}
{"id":"delete-social-media","daily":{"a":3,"b":2},"dvotes":{"A":3,"B":0},"existing":{"a":0,"b":0},"target":{"a":3,"b":2},"delta":{"a":3,"b":2}}
{"id":"drug-legalization","daily":{"a":1,"b":0},"dvotes":{"A":0,"B":0},"existing":{"a":0,"b":0},"target":{"a":1,"b":0},"delta":{"a":1,"b":0}}
{"id":"evergreen-20260515-animals-welfare-3-it","daily":{"a":1,"b":0},"dvotes":{"A":1,"B":0},"existing":{"a":1,"b":0},"target":{"a":1,"b":0},"delta":{"a":0,"b":0}}
{"id":"evergreen-20260515-animals-welfare-6-it","daily":{"a":0,"b":1},"dvotes":{"A":0,"B":1},"existing":{"a":0,"b":1},"target":{"a":0,"b":1},"delta":{"a":0,"b":0}}
{"id":"evergreen-20260515-fantasy-1-en","daily":{"a":1,"b":0},"dvotes":{"A":0,"B":0},"existing":{"a":1,"b":0},"target":{"a":1,"b":0},"delta":{"a":0,"b":0}}
{"id":"evergreen-20260515-fantasy-2-it","daily":{"a":0,"b":1},"dvotes":{"A":0,"B":1},"existing":{"a":0,"b":1},"target":{"a":0,"b":1},"delta":{"a":0,"b":0}}
{"id":"evergreen-20260515-fantasy-5-it","daily":{"a":1,"b":0},"dvotes":{"A":1,"B":0},"existing":{"a":1,"b":0},"target":{"a":1,"b":0},"delta":{"a":0,"b":0}}
{"id":"evergreen-20260515-gdr-rpg-3-it","daily":{"a":0,"b":1},"dvotes":{"A":0,"B":1},"existing":{"a":0,"b":1},"target":{"a":0,"b":1},"delta":{"a":0,"b":0}}
{"id":"evergreen-20260515-gdr-rpg-5-it","daily":{"a":1,"b":0},"dvotes":{"A":1,"B":0},"existing":{"a":1,"b":0},"target":{"a":1,"b":0},"delta":{"a":0,"b":0}}
{"id":"forgive-cheater","daily":{"a":3,"b":1},"dvotes":{"A":2,"B":0},"existing":{"a":0,"b":0},"target":{"a":3,"b":1},"delta":{"a":3,"b":1}}
{"id":"gap-20260518-ai-homework-zero-it","daily":{"a":0,"b":1},"dvotes":{"A":0,"B":0},"existing":{"a":0,"b":1},"target":{"a":0,"b":1},"delta":{"a":0,"b":0}}
{"id":"innocent-juror","daily":{"a":1,"b":1},"dvotes":{"A":0,"B":1},"existing":{"a":0,"b":0},"target":{"a":1,"b":1},"delta":{"a":1,"b":1}}
{"id":"lifeboat","daily":{"a":2,"b":2},"dvotes":{"A":2,"B":1},"existing":{"a":1,"b":0},"target":{"a":2,"b":2},"delta":{"a":1,"b":2}}
{"id":"love-or-career","daily":{"a":2,"b":1},"dvotes":{"A":1,"B":1},"existing":{"a":0,"b":0},"target":{"a":2,"b":1},"delta":{"a":2,"b":1}}
{"id":"mandatory-vaccine","daily":{"a":1,"b":0},"dvotes":{"A":0,"B":0},"existing":{"a":0,"b":0},"target":{"a":1,"b":0},"delta":{"a":1,"b":0}}
{"id":"memory-erase","daily":{"a":0,"b":4},"dvotes":{"A":0,"B":3},"existing":{"a":0,"b":1},"target":{"a":0,"b":4},"delta":{"a":0,"b":3}}
{"id":"mercy-kill","daily":{"a":1,"b":0},"dvotes":{"A":1,"B":0},"existing":{"a":0,"b":0},"target":{"a":1,"b":0},"delta":{"a":1,"b":0}}
{"id":"news-20260515-ai-energy-demand-1-it","daily":{"a":1,"b":0},"dvotes":{"A":0,"B":0},"existing":{"a":1,"b":0},"target":{"a":1,"b":0},"delta":{"a":0,"b":0}}
{"id":"news-20260515-ai-energy-demand-2-it","daily":{"a":2,"b":0},"dvotes":{"A":1,"B":0},"existing":{"a":2,"b":0},"target":{"a":2,"b":0},"delta":{"a":0,"b":0}}
{"id":"news-20260515-ai-energy-demand-3-it","daily":{"a":1,"b":0},"dvotes":{"A":1,"B":0},"existing":{"a":1,"b":0},"target":{"a":1,"b":0},"delta":{"a":0,"b":0}}
{"id":"news-20260515-ai-gov-testing-1-it","daily":{"a":0,"b":1},"dvotes":{"A":0,"B":1},"existing":{"a":0,"b":1},"target":{"a":0,"b":1},"delta":{"a":0,"b":0}}
{"id":"news-20260515-ai-superpower-guardrails-1-it","daily":{"a":1,"b":0},"dvotes":{"A":1,"B":0},"existing":{"a":1,"b":0},"target":{"a":1,"b":0},"delta":{"a":0,"b":0}}
{"id":"news-20260515-ai-superpower-guardrails-4-it","daily":{"a":1,"b":0},"dvotes":{"A":1,"B":0},"existing":{"a":1,"b":0},"target":{"a":1,"b":0},"delta":{"a":0,"b":0}}
{"id":"news-20260515-article-ai-guardrails-1-it","daily":{"a":0,"b":1},"dvotes":{"A":0,"B":1},"existing":{"a":0,"b":1},"target":{"a":0,"b":1},"delta":{"a":0,"b":0}}
{"id":"news-20260515-article-bodyoids-3-it","daily":{"a":1,"b":0},"dvotes":{"A":0,"B":0},"existing":{"a":1,"b":0},"target":{"a":1,"b":0},"delta":{"a":0,"b":0}}
{"id":"news-20260515-article-bodyoids-4-it","daily":{"a":1,"b":0},"dvotes":{"A":1,"B":0},"existing":{"a":1,"b":0},"target":{"a":1,"b":0},"delta":{"a":0,"b":0}}
{"id":"news-20260515-article-bodyoids-6-it","daily":{"a":1,"b":0},"dvotes":{"A":0,"B":0},"existing":{"a":1,"b":0},"target":{"a":1,"b":0},"delta":{"a":0,"b":0}}
{"id":"news-20260515-world-cup-heat-4-it","daily":{"a":1,"b":1},"dvotes":{"A":0,"B":1},"existing":{"a":2,"b":1},"target":{"a":2,"b":1},"delta":{"a":0,"b":0}}
{"id":"news-20260517-faith-impure-peace-en","daily":{"a":1,"b":0},"dvotes":{"A":1,"B":0},"existing":{"a":1,"b":0},"target":{"a":1,"b":0},"delta":{"a":0,"b":0}}
{"id":"old-secret-affair","daily":{"a":1,"b":1},"dvotes":{"A":1,"B":0},"existing":{"a":0,"b":0},"target":{"a":1,"b":1},"delta":{"a":1,"b":1}}
{"id":"open-borders","daily":{"a":2,"b":1},"dvotes":{"A":2,"B":0},"existing":{"a":0,"b":0},"target":{"a":2,"b":1},"delta":{"a":2,"b":1}}
{"id":"organ-harvest","daily":{"a":2,"b":4},"dvotes":{"A":0,"B":2},"existing":{"a":1,"b":2},"target":{"a":2,"b":4},"delta":{"a":1,"b":2}}
{"id":"pandemic-dose","daily":{"a":1,"b":1},"dvotes":{"A":0,"B":1},"existing":{"a":0,"b":0},"target":{"a":1,"b":1},"delta":{"a":1,"b":1}}
{"id":"plane-parachute","daily":{"a":3,"b":0},"dvotes":{"A":2,"B":0},"existing":{"a":0,"b":0},"target":{"a":3,"b":0},"delta":{"a":3,"b":0}}
{"id":"prison-abolition","daily":{"a":2,"b":0},"dvotes":{"A":2,"B":0},"existing":{"a":0,"b":0},"target":{"a":2,"b":0},"delta":{"a":2,"b":0}}
{"id":"privacy-terror","daily":{"a":0,"b":3},"dvotes":{"A":0,"B":1},"existing":{"a":0,"b":0},"target":{"a":0,"b":3},"delta":{"a":0,"b":3}}
{"id":"psych-20260515-ambiguous-loss-1-it","daily":{"a":0,"b":1},"dvotes":{"A":0,"B":1},"existing":{"a":0,"b":1},"target":{"a":0,"b":1},"delta":{"a":0,"b":0}}
{"id":"psych-20260515-ambiguous-loss-2-it","daily":{"a":1,"b":0},"dvotes":{"A":1,"B":0},"existing":{"a":1,"b":0},"target":{"a":1,"b":0},"delta":{"a":0,"b":0}}
{"id":"psych-20260515-limerence-3-it","daily":{"a":1,"b":0},"dvotes":{"A":1,"B":0},"existing":{"a":1,"b":0},"target":{"a":1,"b":0},"delta":{"a":0,"b":0}}
{"id":"psych-20260515-limerence-5-en","daily":{"a":1,"b":0},"dvotes":{"A":0,"B":0},"existing":{"a":1,"b":0},"target":{"a":1,"b":0},"delta":{"a":0,"b":0}}
{"id":"psych-20260515-moral-injury-1-it","daily":{"a":0,"b":1},"dvotes":{"A":0,"B":1},"existing":{"a":0,"b":1},"target":{"a":0,"b":1},"delta":{"a":0,"b":0}}
{"id":"psych-20260515-moral-injury-2-it","daily":{"a":1,"b":0},"dvotes":{"A":1,"B":0},"existing":{"a":1,"b":0},"target":{"a":1,"b":0},"delta":{"a":0,"b":0}}
{"id":"report-friend","daily":{"a":0,"b":2},"dvotes":{"A":0,"B":2},"existing":{"a":0,"b":0},"target":{"a":0,"b":2},"delta":{"a":0,"b":2}}
{"id":"revenge-vs-forgiveness","daily":{"a":1,"b":0},"dvotes":{"A":0,"B":0},"existing":{"a":0,"b":0},"target":{"a":1,"b":0},"delta":{"a":1,"b":0}}
{"id":"rich-or-fair","daily":{"a":0,"b":1},"dvotes":{"A":0,"B":0},"existing":{"a":0,"b":0},"target":{"a":0,"b":1},"delta":{"a":0,"b":1}}
{"id":"robot-judge","daily":{"a":0,"b":1},"dvotes":{"A":0,"B":0},"existing":{"a":0,"b":0},"target":{"a":0,"b":1},"delta":{"a":0,"b":1}}
{"id":"save-partner-vs-stranger","daily":{"a":1,"b":0},"dvotes":{"A":0,"B":0},"existing":{"a":0,"b":0},"target":{"a":1,"b":0},"delta":{"a":1,"b":0}}
{"id":"self-driving-crash","daily":{"a":1,"b":3},"dvotes":{"A":1,"B":1},"existing":{"a":1,"b":0},"target":{"a":1,"b":3},"delta":{"a":0,"b":3}}
{"id":"sibling-secret","daily":{"a":1,"b":1},"dvotes":{"A":0,"B":1},"existing":{"a":0,"b":0},"target":{"a":1,"b":1},"delta":{"a":1,"b":1}}
{"id":"steal-medicine","daily":{"a":0,"b":1},"dvotes":{"A":0,"B":0},"existing":{"a":0,"b":0},"target":{"a":0,"b":1},"delta":{"a":0,"b":1}}
{"id":"surveillance-city","daily":{"a":1,"b":2},"dvotes":{"A":1,"B":1},"existing":{"a":0,"b":0},"target":{"a":1,"b":2},"delta":{"a":1,"b":2}}
{"id":"tax-billionaires","daily":{"a":3,"b":0},"dvotes":{"A":2,"B":0},"existing":{"a":0,"b":0},"target":{"a":3,"b":0},"delta":{"a":3,"b":0}}
{"id":"time-machine","daily":{"a":1,"b":1},"dvotes":{"A":0,"B":1},"existing":{"a":0,"b":0},"target":{"a":1,"b":1},"delta":{"a":1,"b":1}}
{"id":"trolley","daily":{"a":4,"b":2},"dvotes":{"A":2,"B":0},"existing":{"a":1,"b":0},"target":{"a":4,"b":2},"delta":{"a":3,"b":2}}
{"id":"truth-friend","daily":{"a":2,"b":1},"dvotes":{"A":2,"B":0},"existing":{"a":1,"b":0},"target":{"a":2,"b":1},"delta":{"a":1,"b":1}}
{"id":"universal-basic-income","daily":{"a":1,"b":2},"dvotes":{"A":1,"B":1},"existing":{"a":0,"b":0},"target":{"a":1,"b":2},"delta":{"a":1,"b":2}}
{"id":"whistleblower","daily":{"a":0,"b":1},"dvotes":{"A":1,"B":0},"existing":{"a":0,"b":0},"target":{"a":1,"b":1},"delta":{"a":1,"b":1}}
{"id":"zombie-apocalypse","daily":{"a":2,"b":0},"dvotes":{"A":1,"B":0},"existing":{"a":0,"b":0},"target":{"a":2,"b":0},"delta":{"a":2,"b":0}}
# WRITE applied=91 hashes=67 capped=0
# run end 2026-05-22T06:46:38.498Z
# run start 2026-05-22T06:46:38.565Z mode=DRY_RUN env=/Volumes/LOS ANGELES/Matteo/Dev Roba Mia/splitvote/.env.prod-recover kv_host=superb-sheepdog-80533.upstash.io supa_host=eaphpnaxonlbgiiehvhz.supabase.co
vote_daily_stats rows=203 dilemmas=134
dilemma_votes rows=148 dilemmas=115
union dilemma_ids=134
{"id":"ai-art-copyright","daily":{"a":0,"b":2},"dvotes":{"A":0,"B":1},"existing":{"a":0,"b":2},"target":{"a":0,"b":2},"delta":{"a":0,"b":0}}
